c:\users\voicu popescu\desktop\cs535\x64\debug\vc141.pdb
c:\users\voicu popescu\desktop\cs535\x64\debug\vc141.idb
c:\users\voicu popescu\desktop\cs535\x64\debug\cginterface.obj
c:\users\voicu popescu\desktop\cs535\x64\debug\framebuffer.obj
c:\users\voicu popescu\desktop\cs535\x64\debug\gui.obj
c:\users\voicu popescu\desktop\cs535\x64\debug\ifb.obj
c:\users\voicu popescu\desktop\cs535\x64\debug\m33.obj
c:\users\voicu popescu\desktop\cs535\x64\debug\ppc.obj
c:\users\voicu popescu\desktop\cs535\x64\debug\scene.obj
c:\users\voicu popescu\desktop\cs535\x64\debug\tm.obj
c:\users\voicu popescu\desktop\cs535\x64\debug\v3.obj
c:\users\voicu popescu\desktop\cs535\x64\debug\cs535.lib
c:\users\voicu popescu\desktop\cs535\x64\debug\cs535.exp
c:\users\voicu popescu\desktop\cs535\x64\debug\cs535.ilk
c:\users\voicu popescu\desktop\cs535\x64\debug\cs535.exe
c:\users\voicu popescu\desktop\cs535\x64\debug\cs535.pdb
c:\users\voicu popescu\desktop\cs535\x64\debug\cs535.tlog\cl.command.1.tlog
c:\users\voicu popescu\desktop\cs535\x64\debug\cs535.tlog\cl.read.1.tlog
c:\users\voicu popescu\desktop\cs535\x64\debug\cs535.tlog\cl.write.1.tlog
c:\users\voicu popescu\desktop\cs535\x64\debug\cs535.tlog\cs535.write.1u.tlog
c:\users\voicu popescu\desktop\cs535\x64\debug\cs535.tlog\link.command.1.tlog
c:\users\voicu popescu\desktop\cs535\x64\debug\cs535.tlog\link.read.1.tlog
c:\users\voicu popescu\desktop\cs535\x64\debug\cs535.tlog\link.write.1.tlog
