C:\Program Files (x86)\Microsoft Visual Studio\2017\Professional\Common7\IDE\VC\VCTargets\Microsoft.CppBuild.targets(387,5): warning MSB8028: The intermediate directory (x64\Release\) contains files shared from another project (CS535.vcxproj).  This can lead to incorrect clean and rebuild behavior.
  scene.cpp
     Creating library C:\Users\Voicu Popescu\Desktop\Graphics Pipeline\x64\Release\GraphicsPipeline.lib and object C:\Users\Voicu Popescu\Desktop\Graphics Pipeline\x64\Release\GraphicsPipeline.exp
  Generating code
  24 of 267 functions ( 9.0%) were compiled, the rest were copied from previous compilation.
    0 functions were new in current compilation
    26 functions had inline decision re-evaluated but remain unchanged
  Finished generating code
fltk.lib(case.obj) : warning LNK4204: 'C:\Users\Voicu Popescu\Desktop\Graphics Pipeline\x64\Release\vc141.pdb' is missing debugging information for referencing module; linking object as if no debug info
fltk.lib(filename_list.obj) : warning LNK4204: 'C:\Users\Voicu Popescu\Desktop\Graphics Pipeline\x64\Release\vc141.pdb' is missing debugging information for referencing module; linking object as if no debug info
fltk.lib(filename_match.obj) : warning LNK4204: 'C:\Users\Voicu Popescu\Desktop\Graphics Pipeline\x64\Release\vc141.pdb' is missing debugging information for referencing module; linking object as if no debug info
fltk.lib(Fl.obj) : warning LNK4204: 'C:\Users\Voicu Popescu\Desktop\Graphics Pipeline\x64\Release\vc141.pdb' is missing debugging information for referencing module; linking object as if no debug info
fltk.lib(Fl_abort.obj) : warning LNK4204: 'C:\Users\Voicu Popescu\Desktop\Graphics Pipeline\x64\Release\vc141.pdb' is missing debugging information for referencing module; linking object as if no debug info
fltk.lib(fl_arc.obj) : warning LNK4204: 'C:\Users\Voicu Popescu\Desktop\Graphics Pipeline\x64\Release\vc141.pdb' is missing debugging information for referencing module; linking object as if no debug info
fltk.lib(fl_arci.obj) : warning LNK4204: 'C:\Users\Voicu Popescu\Desktop\Graphics Pipeline\x64\Release\vc141.pdb' is missing debugging information for referencing module; linking object as if no debug info
fltk.lib(Fl_arg.obj) : warning LNK4204: 'C:\Users\Voicu Popescu\Desktop\Graphics Pipeline\x64\Release\vc141.pdb' is missing debugging information for referencing module; linking object as if no debug info
fltk.lib(fl_ask.obj) : warning LNK4204: 'C:\Users\Voicu Popescu\Desktop\Graphics Pipeline\x64\Release\vc141.pdb' is missing debugging information for referencing module; linking object as if no debug info
fltk.lib(Fl_Bitmap.obj) : warning LNK4204: 'C:\Users\Voicu Popescu\Desktop\Graphics Pipeline\x64\Release\vc141.pdb' is missing debugging information for referencing module; linking object as if no debug info
fltk.lib(Fl_Box.obj) : warning LNK4204: 'C:\Users\Voicu Popescu\Desktop\Graphics Pipeline\x64\Release\vc141.pdb' is missing debugging information for referencing module; linking object as if no debug info
fltk.lib(fl_boxtype.obj) : warning LNK4204: 'C:\Users\Voicu Popescu\Desktop\Graphics Pipeline\x64\Release\vc141.pdb' is missing debugging information for referencing module; linking object as if no debug info
fltk.lib(Fl_Button.obj) : warning LNK4204: 'C:\Users\Voicu Popescu\Desktop\Graphics Pipeline\x64\Release\vc141.pdb' is missing debugging information for referencing module; linking object as if no debug info
fltk.lib(fl_color.obj) : warning LNK4204: 'C:\Users\Voicu Popescu\Desktop\Graphics Pipeline\x64\Release\vc141.pdb' is missing debugging information for referencing module; linking object as if no debug info
fltk.lib(Fl_compose.obj) : warning LNK4204: 'C:\Users\Voicu Popescu\Desktop\Graphics Pipeline\x64\Release\vc141.pdb' is missing debugging information for referencing module; linking object as if no debug info
fltk.lib(fl_cursor.obj) : warning LNK4204: 'C:\Users\Voicu Popescu\Desktop\Graphics Pipeline\x64\Release\vc141.pdb' is missing debugging information for referencing module; linking object as if no debug info
fltk.lib(fl_curve.obj) : warning LNK4204: 'C:\Users\Voicu Popescu\Desktop\Graphics Pipeline\x64\Release\vc141.pdb' is missing debugging information for referencing module; linking object as if no debug info
fltk.lib(Fl_Device.obj) : warning LNK4204: 'C:\Users\Voicu Popescu\Desktop\Graphics Pipeline\x64\Release\vc141.pdb' is missing debugging information for referencing module; linking object as if no debug info
fltk.lib(fl_dnd.obj) : warning LNK4204: 'C:\Users\Voicu Popescu\Desktop\Graphics Pipeline\x64\Release\vc141.pdb' is missing debugging information for referencing module; linking object as if no debug info
fltk.lib(Fl_Double_Window.obj) : warning LNK4204: 'C:\Users\Voicu Popescu\Desktop\Graphics Pipeline\x64\Release\vc141.pdb' is missing debugging information for referencing module; linking object as if no debug info
fltk.lib(fl_draw.obj) : warning LNK4204: 'C:\Users\Voicu Popescu\Desktop\Graphics Pipeline\x64\Release\vc141.pdb' is missing debugging information for referencing module; linking object as if no debug info
fltk.lib(fl_draw_image.obj) : warning LNK4204: 'C:\Users\Voicu Popescu\Desktop\Graphics Pipeline\x64\Release\vc141.pdb' is missing debugging information for referencing module; linking object as if no debug info
fltk.lib(fl_draw_pixmap.obj) : warning LNK4204: 'C:\Users\Voicu Popescu\Desktop\Graphics Pipeline\x64\Release\vc141.pdb' is missing debugging information for referencing module; linking object as if no debug info
fltk.lib(fl_font.obj) : warning LNK4204: 'C:\Users\Voicu Popescu\Desktop\Graphics Pipeline\x64\Release\vc141.pdb' is missing debugging information for referencing module; linking object as if no debug info
fltk.lib(Fl_get_system_colors.obj) : warning LNK4204: 'C:\Users\Voicu Popescu\Desktop\Graphics Pipeline\x64\Release\vc141.pdb' is missing debugging information for referencing module; linking object as if no debug info
fltk.lib(Fl_grab.obj) : warning LNK4204: 'C:\Users\Voicu Popescu\Desktop\Graphics Pipeline\x64\Release\vc141.pdb' is missing debugging information for referencing module; linking object as if no debug info
fltk.lib(Fl_Group.obj) : warning LNK4204: 'C:\Users\Voicu Popescu\Desktop\Graphics Pipeline\x64\Release\vc141.pdb' is missing debugging information for referencing module; linking object as if no debug info
fltk.lib(fl_gtk.obj) : warning LNK4204: 'C:\Users\Voicu Popescu\Desktop\Graphics Pipeline\x64\Release\vc141.pdb' is missing debugging information for referencing module; linking object as if no debug info
fltk.lib(fl_gleam.obj) : warning LNK4204: 'C:\Users\Voicu Popescu\Desktop\Graphics Pipeline\x64\Release\vc141.pdb' is missing debugging information for referencing module; linking object as if no debug info
fltk.lib(Fl_Image.obj) : warning LNK4204: 'C:\Users\Voicu Popescu\Desktop\Graphics Pipeline\x64\Release\vc141.pdb' is missing debugging information for referencing module; linking object as if no debug info
fltk.lib(Fl_Input.obj) : warning LNK4204: 'C:\Users\Voicu Popescu\Desktop\Graphics Pipeline\x64\Release\vc141.pdb' is missing debugging information for referencing module; linking object as if no debug info
fltk.lib(Fl_Input_.obj) : warning LNK4204: 'C:\Users\Voicu Popescu\Desktop\Graphics Pipeline\x64\Release\vc141.pdb' is missing debugging information for referencing module; linking object as if no debug info
fltk.lib(fl_labeltype.obj) : warning LNK4204: 'C:\Users\Voicu Popescu\Desktop\Graphics Pipeline\x64\Release\vc141.pdb' is missing debugging information for referencing module; linking object as if no debug info
fltk.lib(fl_line_style.obj) : warning LNK4204: 'C:\Users\Voicu Popescu\Desktop\Graphics Pipeline\x64\Release\vc141.pdb' is missing debugging information for referencing module; linking object as if no debug info
fltk.lib(Fl_lock.obj) : warning LNK4204: 'C:\Users\Voicu Popescu\Desktop\Graphics Pipeline\x64\Release\vc141.pdb' is missing debugging information for referencing module; linking object as if no debug info
fltk.lib(Fl_Menu.obj) : warning LNK4204: 'C:\Users\Voicu Popescu\Desktop\Graphics Pipeline\x64\Release\vc141.pdb' is missing debugging information for referencing module; linking object as if no debug info
fltk.lib(Fl_Menu_.obj) : warning LNK4204: 'C:\Users\Voicu Popescu\Desktop\Graphics Pipeline\x64\Release\vc141.pdb' is missing debugging information for referencing module; linking object as if no debug info
fltk.lib(Fl_Menu_add.obj) : warning LNK4204: 'C:\Users\Voicu Popescu\Desktop\Graphics Pipeline\x64\Release\vc141.pdb' is missing debugging information for referencing module; linking object as if no debug info
fltk.lib(Fl_Menu_Button.obj) : warning LNK4204: 'C:\Users\Voicu Popescu\Desktop\Graphics Pipeline\x64\Release\vc141.pdb' is missing debugging information for referencing module; linking object as if no debug info
fltk.lib(Fl_Menu_Window.obj) : warning LNK4204: 'C:\Users\Voicu Popescu\Desktop\Graphics Pipeline\x64\Release\vc141.pdb' is missing debugging information for referencing module; linking object as if no debug info
fltk.lib(Fl_Overlay_Window.obj) : warning LNK4204: 'C:\Users\Voicu Popescu\Desktop\Graphics Pipeline\x64\Release\vc141.pdb' is missing debugging information for referencing module; linking object as if no debug info
fltk.lib(Fl_Paged_Device.obj) : warning LNK4204: 'C:\Users\Voicu Popescu\Desktop\Graphics Pipeline\x64\Release\vc141.pdb' is missing debugging information for referencing module; linking object as if no debug info
fltk.lib(Fl_Pixmap.obj) : warning LNK4204: 'C:\Users\Voicu Popescu\Desktop\Graphics Pipeline\x64\Release\vc141.pdb' is missing debugging information for referencing module; linking object as if no debug info
fltk.lib(fl_plastic.obj) : warning LNK4204: 'C:\Users\Voicu Popescu\Desktop\Graphics Pipeline\x64\Release\vc141.pdb' is missing debugging information for referencing module; linking object as if no debug info
fltk.lib(Fl_Preferences.obj) : warning LNK4204: 'C:\Users\Voicu Popescu\Desktop\Graphics Pipeline\x64\Release\vc141.pdb' is missing debugging information for referencing module; linking object as if no debug info
fltk.lib(Fl_Printer.obj) : warning LNK4204: 'C:\Users\Voicu Popescu\Desktop\Graphics Pipeline\x64\Release\vc141.pdb' is missing debugging information for referencing module; linking object as if no debug info
fltk.lib(fl_read_image.obj) : warning LNK4204: 'C:\Users\Voicu Popescu\Desktop\Graphics Pipeline\x64\Release\vc141.pdb' is missing debugging information for referencing module; linking object as if no debug info
fltk.lib(fl_rect.obj) : warning LNK4204: 'C:\Users\Voicu Popescu\Desktop\Graphics Pipeline\x64\Release\vc141.pdb' is missing debugging information for referencing module; linking object as if no debug info
fltk.lib(Fl_Repeat_Button.obj) : warning LNK4204: 'C:\Users\Voicu Popescu\Desktop\Graphics Pipeline\x64\Release\vc141.pdb' is missing debugging information for referencing module; linking object as if no debug info
fltk.lib(Fl_Return_Button.obj) : warning LNK4204: 'C:\Users\Voicu Popescu\Desktop\Graphics Pipeline\x64\Release\vc141.pdb' is missing debugging information for referencing module; linking object as if no debug info
fltk.lib(fl_round_box.obj) : warning LNK4204: 'C:\Users\Voicu Popescu\Desktop\Graphics Pipeline\x64\Release\vc141.pdb' is missing debugging information for referencing module; linking object as if no debug info
fltk.lib(fl_shortcut.obj) : warning LNK4204: 'C:\Users\Voicu Popescu\Desktop\Graphics Pipeline\x64\Release\vc141.pdb' is missing debugging information for referencing module; linking object as if no debug info
fltk.lib(Fl_Single_Window.obj) : warning LNK4204: 'C:\Users\Voicu Popescu\Desktop\Graphics Pipeline\x64\Release\vc141.pdb' is missing debugging information for referencing module; linking object as if no debug info
fltk.lib(fl_symbols.obj) : warning LNK4204: 'C:\Users\Voicu Popescu\Desktop\Graphics Pipeline\x64\Release\vc141.pdb' is missing debugging information for referencing module; linking object as if no debug info
fltk.lib(Fl_Tiled_Image.obj) : warning LNK4204: 'C:\Users\Voicu Popescu\Desktop\Graphics Pipeline\x64\Release\vc141.pdb' is missing debugging information for referencing module; linking object as if no debug info
fltk.lib(Fl_Tooltip.obj) : warning LNK4204: 'C:\Users\Voicu Popescu\Desktop\Graphics Pipeline\x64\Release\vc141.pdb' is missing debugging information for referencing module; linking object as if no debug info
fltk.lib(fl_utf.obj) : warning LNK4204: 'C:\Users\Voicu Popescu\Desktop\Graphics Pipeline\x64\Release\vc141.pdb' is missing debugging information for referencing module; linking object as if no debug info
fltk.lib(fl_utf8.obj) : warning LNK4204: 'C:\Users\Voicu Popescu\Desktop\Graphics Pipeline\x64\Release\vc141.pdb' is missing debugging information for referencing module; linking object as if no debug info
fltk.lib(fl_vertex.obj) : warning LNK4204: 'C:\Users\Voicu Popescu\Desktop\Graphics Pipeline\x64\Release\vc141.pdb' is missing debugging information for referencing module; linking object as if no debug info
fltk.lib(Fl_Widget.obj) : warning LNK4204: 'C:\Users\Voicu Popescu\Desktop\Graphics Pipeline\x64\Release\vc141.pdb' is missing debugging information for referencing module; linking object as if no debug info
fltk.lib(Fl_Window.obj) : warning LNK4204: 'C:\Users\Voicu Popescu\Desktop\Graphics Pipeline\x64\Release\vc141.pdb' is missing debugging information for referencing module; linking object as if no debug info
fltk.lib(Fl_Window_fullscreen.obj) : warning LNK4204: 'C:\Users\Voicu Popescu\Desktop\Graphics Pipeline\x64\Release\vc141.pdb' is missing debugging information for referencing module; linking object as if no debug info
fltk.lib(Fl_Window_hotspot.obj) : warning LNK4204: 'C:\Users\Voicu Popescu\Desktop\Graphics Pipeline\x64\Release\vc141.pdb' is missing debugging information for referencing module; linking object as if no debug info
fltk.lib(Fl_Window_shape.obj) : warning LNK4204: 'C:\Users\Voicu Popescu\Desktop\Graphics Pipeline\x64\Release\vc141.pdb' is missing debugging information for referencing module; linking object as if no debug info
fltk.lib(flstring.obj) : warning LNK4204: 'C:\Users\Voicu Popescu\Desktop\Graphics Pipeline\x64\Release\vc141.pdb' is missing debugging information for referencing module; linking object as if no debug info
fltk.lib(is_spacing.obj) : warning LNK4204: 'C:\Users\Voicu Popescu\Desktop\Graphics Pipeline\x64\Release\vc141.pdb' is missing debugging information for referencing module; linking object as if no debug info
fltk.lib(numericsort.obj) : warning LNK4204: 'C:\Users\Voicu Popescu\Desktop\Graphics Pipeline\x64\Release\vc141.pdb' is missing debugging information for referencing module; linking object as if no debug info
fltk.lib(scandir.obj) : warning LNK4204: 'C:\Users\Voicu Popescu\Desktop\Graphics Pipeline\x64\Release\vc141.pdb' is missing debugging information for referencing module; linking object as if no debug info
fltk.lib(screen_xywh.obj) : warning LNK4204: 'C:\Users\Voicu Popescu\Desktop\Graphics Pipeline\x64\Release\vc141.pdb' is missing debugging information for referencing module; linking object as if no debug info
fltk.lib(vsnprintf.obj) : warning LNK4204: 'C:\Users\Voicu Popescu\Desktop\Graphics Pipeline\x64\Release\vc141.pdb' is missing debugging information for referencing module; linking object as if no debug info
fltkgl.lib(Fl_Gl_Choice.obj) : warning LNK4204: 'C:\Users\Voicu Popescu\Desktop\Graphics Pipeline\x64\Release\vc141.pdb' is missing debugging information for referencing module; linking object as if no debug info
fltkgl.lib(Fl_Gl_Device_Plugin.obj) : warning LNK4204: 'C:\Users\Voicu Popescu\Desktop\Graphics Pipeline\x64\Release\vc141.pdb' is missing debugging information for referencing module; linking object as if no debug info
fltkgl.lib(Fl_Gl_Window.obj) : warning LNK4204: 'C:\Users\Voicu Popescu\Desktop\Graphics Pipeline\x64\Release\vc141.pdb' is missing debugging information for referencing module; linking object as if no debug info
fltkgl.lib(freeglut_teapot.obj) : warning LNK4204: 'C:\Users\Voicu Popescu\Desktop\Graphics Pipeline\x64\Release\vc141.pdb' is missing debugging information for referencing module; linking object as if no debug info
fltkgl.lib(gl_draw.obj) : warning LNK4204: 'C:\Users\Voicu Popescu\Desktop\Graphics Pipeline\x64\Release\vc141.pdb' is missing debugging information for referencing module; linking object as if no debug info
  cs535.vcxproj -> C:\Users\Voicu Popescu\Desktop\Graphics Pipeline\x64\Release\GraphicsPipeline.exe
